<?xml version="1.0" encoding="UTF-8"?>
<!-- Generated by org.testng.reporters.JUnitXMLReporter -->
<testsuite hostname="Vijay-PC" ignored="0" name="Default test" tests="7" failures="0" timestamp="20 Oct 2020 04:45:17 GMT" time="22.734" errors="0">
  <testcase name="test01" time="21.656" classname="com.tusharTest.LoginTest"/>
  <testcase name="homeTest" time="0.354" classname="com.tusharTest.LoginTest"/>
  <testcase name="adduserTest" time="0.327" classname="com.tusharTest.LoginTest"/>
  <testcase name="verifyUsernameLable" time="0.115" classname="com.tusharTest.LoginTest"/>
  <testcase name="verifyMobile" time="0.037" classname="com.tusharTest.LoginTest"/>
  <testcase name="verifyEmail" time="0.05" classname="com.tusharTest.LoginTest"/>
  <testcase name="verifyCourse" time="0.042" classname="com.tusharTest.LoginTest"/>
</testsuite> <!-- Default test -->
