<?xml version="1.0" encoding="UTF-8"?>
<!-- Generated by org.testng.reporters.JUnitXMLReporter -->
<testsuite hostname="Vijay-PC" ignored="0" name="Test" tests="7" failures="0" timestamp="20 Oct 2020 04:48:28 GMT" time="10.498" errors="0">
  <testcase name="test01" time="9.653" classname="com.tusharTest.LoginTest"/>
  <testcase name="homeTest" time="0.307" classname="com.tusharTest.LoginTest"/>
  <testcase name="adduserTest" time="0.312" classname="com.tusharTest.LoginTest"/>
  <testcase name="verifyUsernameLable" time="0.051" classname="com.tusharTest.LoginTest"/>
  <testcase name="verifyMobile" time="0.048" classname="com.tusharTest.LoginTest"/>
  <testcase name="verifyEmail" time="0.047" classname="com.tusharTest.LoginTest"/>
  <testcase name="verifyCourse" time="0.045" classname="com.tusharTest.LoginTest"/>
</testsuite> <!-- Test -->
