<?xml version="1.0" encoding="UTF-8" ?>
<testsuite tests="7" failures="0" name="TestSuite" time="10.465" errors="0" skipped="0">
  <properties>
[...]
</properties>
  <testcase classname="com.tusharTest.LoginTest" name="test01" time="9.658"/>
  <testcase classname="com.tusharTest.LoginTest" name="homeTest" time="0.304"/>
  <testcase classname="com.tusharTest.LoginTest" name="adduserTest" time="0.313"/>
  <testcase classname="com.tusharTest.LoginTest" name="verifyUsernameLable" time="0.05"/>
  <testcase classname="com.tusharTest.LoginTest" name="verifyMobile" time="0.048"/>
  <testcase classname="com.tusharTest.LoginTest" name="verifyEmail" time="0.047"/>
  <testcase classname="com.tusharTest.LoginTest" name="verifyCourse" time="0.045"/>
</testsuite>