<?xml version="1.0" encoding="UTF-8"?>
<testng-results skipped="0" failed="0" ignored="0" total="7" passed="7">
  <reporter-output>
  </reporter-output>
  <suite name="Default suite" duration-ms="22734" started-at="2020-10-20T04:44:54Z" finished-at="2020-10-20T04:45:16Z">
    <groups>
    </groups>
    <test name="Default test" duration-ms="22734" started-at="2020-10-20T04:44:54Z" finished-at="2020-10-20T04:45:16Z">
      <class name="com.tusharTest.LoginTest">
        <test-method status="PASS" signature="test01()[pri:1, instance:com.tusharTest.LoginTest@d25987]" name="test01" duration-ms="21656" started-at="2020-10-20T04:44:54Z" finished-at="2020-10-20T04:45:15Z">
          <reporter-output>
          </reporter-output>
        </test-method> <!-- test01 -->
        <test-method status="PASS" signature="homeTest()[pri:2, instance:com.tusharTest.LoginTest@d25987]" name="homeTest" duration-ms="354" started-at="2020-10-20T04:45:15Z" finished-at="2020-10-20T04:45:16Z">
          <reporter-output>
          </reporter-output>
        </test-method> <!-- homeTest -->
        <test-method status="PASS" signature="adduserTest()[pri:3, instance:com.tusharTest.LoginTest@d25987]" name="adduserTest" duration-ms="327" started-at="2020-10-20T04:45:16Z" finished-at="2020-10-20T04:45:16Z">
          <reporter-output>
          </reporter-output>
        </test-method> <!-- adduserTest -->
        <test-method status="PASS" signature="verifyUsernameLable()[pri:4, instance:com.tusharTest.LoginTest@d25987]" name="verifyUsernameLable" duration-ms="115" started-at="2020-10-20T04:45:16Z" finished-at="2020-10-20T04:45:16Z">
          <reporter-output>
          </reporter-output>
        </test-method> <!-- verifyUsernameLable -->
        <test-method status="PASS" signature="verifyMobile()[pri:5, instance:com.tusharTest.LoginTest@d25987]" name="verifyMobile" duration-ms="37" started-at="2020-10-20T04:45:16Z" finished-at="2020-10-20T04:45:16Z">
          <reporter-output>
          </reporter-output>
        </test-method> <!-- verifyMobile -->
        <test-method status="PASS" signature="verifyEmail()[pri:6, instance:com.tusharTest.LoginTest@d25987]" name="verifyEmail" duration-ms="50" started-at="2020-10-20T04:45:16Z" finished-at="2020-10-20T04:45:16Z">
          <reporter-output>
          </reporter-output>
        </test-method> <!-- verifyEmail -->
        <test-method status="PASS" signature="verifyCourse()[pri:7, instance:com.tusharTest.LoginTest@d25987]" name="verifyCourse" duration-ms="42" started-at="2020-10-20T04:45:16Z" finished-at="2020-10-20T04:45:16Z">
          <reporter-output>
          </reporter-output>
        </test-method> <!-- verifyCourse -->
      </class> <!-- com.tusharTest.LoginTest -->
    </test> <!-- Default test -->
  </suite> <!-- Default suite -->
</testng-results>
